<?xml version="1.0" encoding="UTF-8"?>
<!-- Generated by org.testng.reporters.JUnitXMLReporter -->
<testsuite ignored="1" hostname="DIVYA" failures="0" tests="3" name="Default test" time="937.993" errors="0" timestamp="2024-02-08T12:40:39 IST">
  <testcase classname="testToExecute.TestScenariosToBeEcecuted" name="setupPhasesVerification" time="208.529"/>
  <testcase classname="testToExecute.TestScenariosToBeEcecuted" name="planningPhasesVerification" time="235.618"/>
  <testcase classname="testToExecute.TestScenariosToBeEcecuted" name="repportingPhasesVerification" time="453.034"/>
  <testcase classname="testToExecute.TestScenariosToBeEcecuted" name="configurePhasesVerification" time="0.0">
    <ignored/>
  </testcase> <!-- configurePhasesVerification -->
</testsuite> <!-- Default test -->
