<?xml version="1.0" encoding="UTF-8"?>
<testng-results ignored="0" total="3" passed="3" failed="0" skipped="0">
  <reporter-output>
  </reporter-output>
  <suite started-at="2024-02-08T12:25:00 IST" name="Default suite" finished-at="2024-02-08T12:40:38 IST" duration-ms="937993">
    <groups>
    </groups>
    <test started-at="2024-02-08T12:25:00 IST" name="Default test" finished-at="2024-02-08T12:40:38 IST" duration-ms="937993">
      <class name="testToExecute.TestScenariosToBeEcecuted">
        <test-method is-config="true" signature="initializeTheDriver()[pri:0, instance:testToExecute.TestScenariosToBeEcecuted@206a70ef]" started-at="2024-02-08T12:25:01 IST" name="initializeTheDriver" finished-at="2024-02-08T12:25:08 IST" duration-ms="7950" status="PASS">
          <reporter-output>
          </reporter-output>
        </test-method> <!-- initializeTheDriver -->
        <test-method signature="setupPhasesVerification()[pri:1, instance:testToExecute.TestScenariosToBeEcecuted@206a70ef]" started-at="2024-02-08T12:25:08 IST" name="setupPhasesVerification" finished-at="2024-02-08T12:28:37 IST" duration-ms="208529" status="PASS">
          <reporter-output>
          </reporter-output>
        </test-method> <!-- setupPhasesVerification -->
        <test-method is-config="true" signature="terminateSession()[pri:0, instance:testToExecute.TestScenariosToBeEcecuted@206a70ef]" started-at="2024-02-08T12:28:37 IST" name="terminateSession" finished-at="2024-02-08T12:28:43 IST" duration-ms="6253" status="PASS">
          <reporter-output>
          </reporter-output>
        </test-method> <!-- terminateSession -->
        <test-method is-config="true" signature="initializeTheDriver()[pri:0, instance:testToExecute.TestScenariosToBeEcecuted@206a70ef]" started-at="2024-02-08T12:28:43 IST" name="initializeTheDriver" finished-at="2024-02-08T12:28:50 IST" duration-ms="6836" status="PASS">
          <reporter-output>
          </reporter-output>
        </test-method> <!-- initializeTheDriver -->
        <test-method signature="planningPhasesVerification()[pri:2, instance:testToExecute.TestScenariosToBeEcecuted@206a70ef]" started-at="2024-02-08T12:28:50 IST" name="planningPhasesVerification" finished-at="2024-02-08T12:32:46 IST" duration-ms="235618" status="PASS">
          <reporter-output>
          </reporter-output>
        </test-method> <!-- planningPhasesVerification -->
        <test-method is-config="true" signature="terminateSession()[pri:0, instance:testToExecute.TestScenariosToBeEcecuted@206a70ef]" started-at="2024-02-08T12:32:46 IST" name="terminateSession" finished-at="2024-02-08T12:32:52 IST" duration-ms="6410" status="PASS">
          <reporter-output>
          </reporter-output>
        </test-method> <!-- terminateSession -->
        <test-method is-config="true" signature="initializeTheDriver()[pri:0, instance:testToExecute.TestScenariosToBeEcecuted@206a70ef]" started-at="2024-02-08T12:32:52 IST" name="initializeTheDriver" finished-at="2024-02-08T12:32:59 IST" duration-ms="7153" status="PASS">
          <reporter-output>
          </reporter-output>
        </test-method> <!-- initializeTheDriver -->
        <test-method signature="repportingPhasesVerification()[pri:3, instance:testToExecute.TestScenariosToBeEcecuted@206a70ef]" started-at="2024-02-08T12:32:59 IST" name="repportingPhasesVerification" finished-at="2024-02-08T12:40:32 IST" duration-ms="453034" status="PASS">
          <reporter-output>
          </reporter-output>
        </test-method> <!-- repportingPhasesVerification -->
        <test-method is-config="true" signature="terminateSession()[pri:0, instance:testToExecute.TestScenariosToBeEcecuted@206a70ef]" started-at="2024-02-08T12:40:32 IST" name="terminateSession" finished-at="2024-02-08T12:40:38 IST" duration-ms="6165" status="PASS">
          <reporter-output>
          </reporter-output>
        </test-method> <!-- terminateSession -->
      </class> <!-- testToExecute.TestScenariosToBeEcecuted -->
    </test> <!-- Default test -->
  </suite> <!-- Default suite -->
</testng-results>
